Determining if the pthread_create exist failed with the following output:
Change Dir: /home/travis/build/cdandrey/otus_cmd_processing/CMakeFiles/CMakeTmp

Run Build Command:"/usr/bin/make" "cmTC_1e9dc/fast"
/usr/bin/make -f CMakeFiles/cmTC_1e9dc.dir/build.make CMakeFiles/cmTC_1e9dc.dir/build
make[1]: Entering directory '/home/travis/build/cdandrey/otus_cmd_processing/CMakeFiles/CMakeTmp'
Building C object CMakeFiles/cmTC_1e9dc.dir/CheckSymbolExists.c.o
/usr/bin/gcc    -o CMakeFiles/cmTC_1e9dc.dir/CheckSymbolExists.c.o   -c /home/travis/build/cdandrey/otus_cmd_processing/CMakeFiles/CMakeTmp/CheckSymbolExists.c
Linking C executable cmTC_1e9dc
/usr/local/cmake-3.12.4/bin/cmake -E cmake_link_script CMakeFiles/cmTC_1e9dc.dir/link.txt --verbose=1
/usr/bin/gcc      -rdynamic CMakeFiles/cmTC_1e9dc.dir/CheckSymbolExists.c.o  -o cmTC_1e9dc 
CMakeFiles/cmTC_1e9dc.dir/CheckSymbolExists.c.o: In function `main':
CheckSymbolExists.c:(.text+0x16): undefined reference to `pthread_create'
collect2: error: ld returned 1 exit status
CMakeFiles/cmTC_1e9dc.dir/build.make:86: recipe for target 'cmTC_1e9dc' failed
make[1]: *** [cmTC_1e9dc] Error 1
make[1]: Leaving directory '/home/travis/build/cdandrey/otus_cmd_processing/CMakeFiles/CMakeTmp'
Makefile:121: recipe for target 'cmTC_1e9dc/fast' failed
make: *** [cmTC_1e9dc/fast] Error 2

File /home/travis/build/cdandrey/otus_cmd_processing/CMakeFiles/CMakeTmp/CheckSymbolExists.c:
/* */
#include <pthread.h>

int main(int argc, char** argv)
{
  (void)argv;
#ifndef pthread_create
  return ((int*)(&pthread_create))[argc];
#else
  (void)argc;
  return 0;
#endif
}

Determining if the function pthread_create exists in the pthreads failed with the following output:
Change Dir: /home/travis/build/cdandrey/otus_cmd_processing/CMakeFiles/CMakeTmp

Run Build Command:"/usr/bin/make" "cmTC_de71b/fast"
/usr/bin/make -f CMakeFiles/cmTC_de71b.dir/build.make CMakeFiles/cmTC_de71b.dir/build
make[1]: Entering directory '/home/travis/build/cdandrey/otus_cmd_processing/CMakeFiles/CMakeTmp'
Building C object CMakeFiles/cmTC_de71b.dir/CheckFunctionExists.c.o
/usr/bin/gcc   -DCHECK_FUNCTION_EXISTS=pthread_create   -o CMakeFiles/cmTC_de71b.dir/CheckFunctionExists.c.o   -c /usr/local/cmake-3.12.4/share/cmake-3.12/Modules/CheckFunctionExists.c
Linking C executable cmTC_de71b
/usr/local/cmake-3.12.4/bin/cmake -E cmake_link_script CMakeFiles/cmTC_de71b.dir/link.txt --verbose=1
/usr/bin/gcc  -DCHECK_FUNCTION_EXISTS=pthread_create    -rdynamic CMakeFiles/cmTC_de71b.dir/CheckFunctionExists.c.o  -o cmTC_de71b -lpthreads 
/usr/bin/ld: cannot find -lpthreads
collect2: error: ld returned 1 exit status
CMakeFiles/cmTC_de71b.dir/build.make:86: recipe for target 'cmTC_de71b' failed
make[1]: *** [cmTC_de71b] Error 1
make[1]: Leaving directory '/home/travis/build/cdandrey/otus_cmd_processing/CMakeFiles/CMakeTmp'
Makefile:121: recipe for target 'cmTC_de71b/fast' failed
make: *** [cmTC_de71b/fast] Error 2


